{
  "RSpec": {
    "coverage": {
      "/Users/Dori/Projects/bank_tech_test/spec/banking_spec.rb": [
        1,
        null,
        1,
        1,
        null,
        1,
        1,
        null,
        1,
        1,
        1,
        1,
        null,
        1,
        1,
        1,
        1,
        null,
        null,
        null,
        1,
        1,
        1,
        1,
        1,
        1,
        1,
        1,
        1,
        1,
        null,
        null,
        null,
        1,
        1,
        1,
        1,
        null,
        null,
        null,
        null,
        1,
        1,
        1,
        1,
        null,
        null
      ],
      "/Users/Dori/Projects/bank_tech_test/banking/banking.rb": [
        1,
        1,
        null,
        1,
        3,
        3,
        null,
        null,
        1,
        5,
        5,
        null,
        null,
        1,
        3,
        3,
        null,
        null,
        1,
        5,
        null,
        null,
        1,
        3,
        null,
        null,
        1,
        1,
        null,
        null,
        null,
        1,
        1,
        null,
        1,
        6,
        6,
        null,
        null,
        null,
        1,
        1,
        null,
        1,
        4,
        4,
        null,
        null
      ],
      "/Users/Dori/Projects/bank_tech_test/spec/features/banking_feature_spec.rb": [
        1,
        1,
        1,
        1,
        1,
        1,
        1,
        1,
        1
      ]
    },
    "timestamp": 1554902091
  }
}
